Last updated: Mon Oct 20 09:23:34 UTC 2025
Last updated: Tue Oct 21 01:41:02 UTC 2025
Last updated: Wed Oct 22 01:43:53 UTC 2025
Last updated: Thu Oct 23 01:40:01 UTC 2025
Last updated: Fri Oct 24 01:28:09 UTC 2025
Last updated: Sat Oct 25 01:37:31 UTC 2025
Last updated: Sun Oct 26 01:45:34 UTC 2025
Last updated: Mon Oct 27 01:49:35 UTC 2025
Last updated: Tue Oct 28 01:39:58 UTC 2025
Last updated: Wed Oct 29 01:46:17 UTC 2025
Last updated: Thu Oct 30 01:45:45 UTC 2025
Last updated: Fri Oct 31 01:42:32 UTC 2025
Last updated: Sat Nov  1 01:46:15 UTC 2025
Last updated: Sun Nov  2 01:47:53 UTC 2025
Last updated: Mon Nov  3 01:47:25 UTC 2025
Last updated: Tue Nov  4 01:43:24 UTC 2025
Last updated: Wed Nov  5 01:44:38 UTC 2025
Last updated: Thu Nov  6 01:44:19 UTC 2025
Last updated: Fri Nov  7 01:43:27 UTC 2025
Last updated: Sat Nov  8 01:37:53 UTC 2025
Last updated: Sun Nov  9 01:47:02 UTC 2025
Last updated: Mon Nov 10 01:48:16 UTC 2025
Last updated: Tue Nov 11 01:45:05 UTC 2025
Last updated: Wed Nov 12 01:44:16 UTC 2025
Last updated: Thu Nov 13 01:45:39 UTC 2025
Last updated: Fri Nov 14 01:45:16 UTC 2025
Last updated: Sat Nov 15 01:41:11 UTC 2025
Last updated: Sun Nov 16 01:49:44 UTC 2025
Last updated: Mon Nov 17 01:45:38 UTC 2025
Last updated: Tue Nov 18 01:43:46 UTC 2025
Last updated: Wed Nov 19 01:44:10 UTC 2025
Last updated: Thu Nov 20 01:42:34 UTC 2025
Last updated: Fri Nov 21 01:43:38 UTC 2025
Last updated: Sat Nov 22 01:40:08 UTC 2025
Last updated: Sun Nov 23 01:56:48 UTC 2025
Last updated: Mon Nov 24 01:51:28 UTC 2025
Last updated: Tue Nov 25 01:45:37 UTC 2025
Last updated: Wed Nov 26 01:45:13 UTC 2025
Last updated: Thu Nov 27 01:43:24 UTC 2025
Last updated: Fri Nov 28 01:43:07 UTC 2025
Last updated: Sat Nov 29 01:42:28 UTC 2025
Last updated: Sun Nov 30 01:55:31 UTC 2025
Last updated: Mon Dec  1 02:03:23 UTC 2025
Last updated: Tue Dec  2 01:47:19 UTC 2025
Last updated: Wed Dec  3 01:46:56 UTC 2025
Last updated: Thu Dec  4 01:47:56 UTC 2025
Last updated: Fri Dec  5 01:48:16 UTC 2025
Last updated: Sat Dec  6 01:42:11 UTC 2025
Last updated: Sun Dec  7 01:56:07 UTC 2025
Last updated: Mon Dec  8 01:48:53 UTC 2025
Last updated: Mon Dec  8 10:46:05 UTC 2025
Last updated: Tue Dec  9 01:47:54 UTC 2025
Last updated: Wed Dec 10 01:50:07 UTC 2025
Last updated: Thu Dec 11 01:51:09 UTC 2025
Last updated: Fri Dec 12 01:50:17 UTC 2025
Last updated: Sat Dec 13 01:44:42 UTC 2025
Last updated: Sun Dec 14 01:56:40 UTC 2025
Last updated: Mon Dec 15 01:54:36 UTC 2025
Last updated: Tue Dec 16 01:51:22 UTC 2025
Last updated: Wed Dec 17 01:46:51 UTC 2025
Last updated: Thu Dec 18 01:47:24 UTC 2025
